<?xml version="1.0" encoding="UTF-8"?>
<robot generator="Robot 3.2.1 (Python 3.7.7 on win32)" generated="20200619 02:06:24.231" rpa="false">
<suite id="s1" name="TC1 GET ListOfPlaces" source="C:\Users\azras\PycharmProjects\SmokeTest_Atlant\SmokeTest_directory\TC1_GET_ListOfPlaces.robot">
<test id="s1-t1" name="Get_PlaceID">
<kw name="Create Session" library="RequestsLibrary">
<doc>Create Session: create a HTTP session to a server</doc>
<arguments>
<arg>session_getPlaceID ${base_url}</arg>
</arguments>
<msg timestamp="20200619 02:06:26.630" level="FAIL">Variable '${base_url}' not found.</msg>
<status status="FAIL" starttime="20200619 02:06:26.629" endtime="20200619 02:06:26.630"></status>
</kw>
<status status="FAIL" starttime="20200619 02:06:26.603" endtime="20200619 02:06:26.632" critical="yes">Variable '${base_url}' not found.</status>
</test>
<status status="FAIL" starttime="20200619 02:06:24.239" endtime="20200619 02:06:26.636"></status>
</suite>
<statistics>
<total>
<stat pass="0" fail="1">Critical Tests</stat>
<stat pass="0" fail="1">All Tests</stat>
</total>
<tag>
</tag>
<suite>
<stat pass="0" fail="1" id="s1" name="TC1 GET ListOfPlaces">TC1 GET ListOfPlaces</stat>
</suite>
</statistics>
<errors>
<msg timestamp="20200619 02:06:24.103" level="ERROR">Error in file 'C:\Users\azras\PycharmProjects\SmokeTest_Atlant\SmokeTest_directory\TC1_GET_ListOfPlaces.robot' on line 5: Invalid variable name '${base_url} skyscanner-skyscanner-flight-search-v1.p.rapidapi.com'.</msg>
<msg timestamp="20200619 02:06:24.105" level="ERROR">Error in file 'C:\Users\azras\PycharmProjects\SmokeTest_Atlant\SmokeTest_directory\TC1_GET_ListOfPlaces.robot' on line 6: Invalid variable name '${querry} Atlanta'.</msg>
<msg timestamp="20200619 02:06:24.106" level="ERROR">Error in file 'C:\Users\azras\PycharmProjects\SmokeTest_Atlant\SmokeTest_directory\TC1_GET_ListOfPlaces.robot' on line 7: Invalid variable name '${country} GA'.</msg>
<msg timestamp="20200619 02:06:24.107" level="ERROR">Error in file 'C:\Users\azras\PycharmProjects\SmokeTest_Atlant\SmokeTest_directory\TC1_GET_ListOfPlaces.robot' on line 8: Invalid variable name '${currency} USD'.</msg>
<msg timestamp="20200619 02:06:24.109" level="ERROR">Error in file 'C:\Users\azras\PycharmProjects\SmokeTest_Atlant\SmokeTest_directory\TC1_GET_ListOfPlaces.robot' on line 9: Invalid variable name '${local} en-US'.</msg>
</errors>
</robot>
